07/02/2025 12:47:53 - INFO - Programa iniciado
10/02/2025 14:54:09 - INFO - Programa iniciado
10/02/2025 20:08:09 - INFO - Programa iniciado
10/02/2025 20:08:21 - INFO - Nuevo trayecto iniciado - Tarifa: Tarifa normal (resto de horas) - Events
10/02/2025 20:08:25 - INFO - Estado cambiado a movimiento
10/02/2025 20:08:28 - INFO - Estado cambiado a parado
10/02/2025 20:08:34 - INFO - Trayecto finalizado - Duración: 12.3s - Tarifa: 0.38€
10/02/2025 21:49:28 - INFO - Programa iniciado
10/02/2025 21:51:43 - INFO - Programa iniciado
10/02/2025 21:51:44 - INFO - Nuevo trayecto iniciado
10/02/2025 21:51:44 - INFO - Nuevo trayecto iniciado - Tarifa: Tarifa normal (resto de horas)
10/02/2025 21:51:47 - INFO - Estado cambiado a movimiento
10/02/2025 21:51:52 - INFO - Estado cambiado a parado
10/02/2025 21:51:54 - INFO - Trayecto finalizado - Duración: 10.5s - Tarifa: 0.30€
10/02/2025 21:57:39 - INFO - Programa iniciado
10/02/2025 21:57:50 - INFO - Nuevo trayecto iniciado
10/02/2025 21:57:50 - INFO - Nuevo trayecto iniciado - Tarifa: Tarifa normal (resto de horas)
10/02/2025 21:57:52 - INFO - Estado cambiado a movimiento
10/02/2025 21:57:54 - INFO - Estado cambiado a parado
10/02/2025 21:57:56 - INFO - Estado cambiado a movimiento
10/02/2025 21:57:59 - INFO - Trayecto finalizado - Duración: 9.2s - Tarifa: 0.28€
